app/build/outputs/logs/manifest-merger-debug-report.txt
-- Merging decision tree log ---
manifest
ADDED from src/main/AndroidManifest.xml:2:1-115:12
	package
		ADDED from src/main/AndroidManifest.xml:3:5-35
		INJECTED from src/main/AndroidManifest.xml
		INJECTED from src/main/AndroidManifest.xml
	android:versionName
		ADDED from src/main/AndroidManifest.xml:5:5-30
		INJECTED from src/main/AndroidManifest.xml
		INJECTED from src/main/AndroidManifest.xml
	android:versionCode
		ADDED from src/main/AndroidManifest.xml:4:5-28
		INJECTED from src/main/AndroidManifest.xml
		INJECTED from src/main/AndroidManifest.xml
	xmlns:android
		ADDED from src/main/AndroidManifest.xml:2:11-69
uses-sdk
ADDED from src/main/AndroidManifest.xml:7:5-9:41
MERGED from [com.android.support:support-v4:21.0.0] AndroidManifest.xml:15:5-42
	android:targetSdkVersion
		ADDED from src/main/AndroidManifest.xml:9:9-38
		INJECTED from src/main/AndroidManifest.xml
		INJECTED from src/main/AndroidManifest.xml
	android:minSdkVersion
		ADDED from src/main/AndroidManifest.xml:8:9-35
		INJECTED from src/main/AndroidManifest.xml
		INJECTED from src/main/AndroidManifest.xml
uses-permission#android.permission.BLUETOOTH_ADMIN
ADDED from src/main/AndroidManifest.xml:11:5-74
	android:name
		ADDED from src/main/AndroidManifest.xml:11:22-71
uses-permission#android.permission.BLUETOOTH
ADDED from src/main/AndroidManifest.xml:12:2-65
	android:name
		ADDED from src/main/AndroidManifest.xml:12:19-62
uses-permission#android.permission.RECEIVE_BOOT_COMPLETED
ADDED from src/main/AndroidManifest.xml:13:2-77
	android:name
		ADDED from src/main/AndroidManifest.xml:13:19-75
uses-permission#android.permission.SYSTEM_OVERLAY_WINDOW
ADDED from src/main/AndroidManifest.xml:14:2-77
	android:name
		ADDED from src/main/AndroidManifest.xml:14:19-74
uses-permission#android.permission.SYSTEM_ALERT_WINDOW
ADDED from src/main/AndroidManifest.xml:15:5-78
	android:name
		ADDED from src/main/AndroidManifest.xml:15:22-75
uses-permission#android.permission.READ_PHONE_STATE
ADDED from src/main/AndroidManifest.xml:16:5-74
	android:name
		ADDED from src/main/AndroidManifest.xml:16:22-72
uses-permission#android.permission.WRITE_SYNC_SETTINGS
ADDED from src/main/AndroidManifest.xml:17:5-77
	android:name
		ADDED from src/main/AndroidManifest.xml:17:22-75
uses-permission#android.permission.ACCESS_COARSE_LOCATION
ADDED from src/main/AndroidManifest.xml:18:5-80
	android:name
		ADDED from src/main/AndroidManifest.xml:18:22-78
uses-permission#android.permission.CALL_PHONE
ADDED from src/main/AndroidManifest.xml:19:5-68
	android:name
		ADDED from src/main/AndroidManifest.xml:19:22-66
application
ADDED from src/main/AndroidManifest.xml:22:5-113:19
MERGED from [com.android.support:support-v4:21.0.0] AndroidManifest.xml:16:5-19
	android:label
		ADDED from src/main/AndroidManifest.xml:25:9-41
	android:allowBackup
		ADDED from src/main/AndroidManifest.xml:23:9-35
	android:icon
		ADDED from src/main/AndroidManifest.xml:24:9-45
	android:theme
		ADDED from src/main/AndroidManifest.xml:26:9-40
activity#com.yf.radiophoneapp.MainActivity
ADDED from src/main/AndroidManifest.xml:27:9-37:20
	android:screenOrientation
		ADDED from src/main/AndroidManifest.xml:29:13-50
	android:label
		ADDED from src/main/AndroidManifest.xml:31:13-45
	android:launchMode
		ADDED from src/main/AndroidManifest.xml:30:13-44
	android:name
		ADDED from src/main/AndroidManifest.xml:28:13-61
intent-filter#android.intent.action.MAIN+android.intent.category.LAUNCHER
ADDED from src/main/AndroidManifest.xml:32:13-36:29
action#android.intent.action.MAIN
ADDED from src/main/AndroidManifest.xml:33:17-69
	android:name
		ADDED from src/main/AndroidManifest.xml:33:25-66
category#android.intent.category.LAUNCHER
ADDED from src/main/AndroidManifest.xml:35:17-77
	android:name
		ADDED from src/main/AndroidManifest.xml:35:27-74
activity#com.yf.radiophoneapp.PhoneActivity
ADDED from src/main/AndroidManifest.xml:39:9-45:20
	android:screenOrientation
		ADDED from src/main/AndroidManifest.xml:41:13-50
	android:label
		ADDED from src/main/AndroidManifest.xml:43:13-45
	android:launchMode
		ADDED from src/main/AndroidManifest.xml:42:13-48
	android:name
		ADDED from src/main/AndroidManifest.xml:40:13-62
activity#com.yf.radiophoneapp.AppSettingView
ADDED from src/main/AndroidManifest.xml:56:8-62:19
	android:screenOrientation
		ADDED from src/main/AndroidManifest.xml:58:12-49
	android:label
		ADDED from src/main/AndroidManifest.xml:60:12-44
	android:launchMode
		ADDED from src/main/AndroidManifest.xml:59:12-47
	android:name
		ADDED from src/main/AndroidManifest.xml:57:12-62
activity#com.yf.radiophoneapp.AppVersionView
ADDED from src/main/AndroidManifest.xml:65:9-71:20
	android:screenOrientation
		ADDED from src/main/AndroidManifest.xml:67:13-50
	android:label
		ADDED from src/main/AndroidManifest.xml:69:13-45
	android:launchMode
		ADDED from src/main/AndroidManifest.xml:68:13-48
	android:name
		ADDED from src/main/AndroidManifest.xml:66:13-63
activity#com.yf.radiophoneapp.RadioCfgView
ADDED from src/main/AndroidManifest.xml:74:9-80:20
	android:screenOrientation
		ADDED from src/main/AndroidManifest.xml:76:13-50
	android:label
		ADDED from src/main/AndroidManifest.xml:78:13-45
	android:launchMode
		ADDED from src/main/AndroidManifest.xml:77:13-48
	android:name
		ADDED from src/main/AndroidManifest.xml:75:13-61
activity#com.yf.radiophoneapp.FmCountsView
ADDED from src/main/AndroidManifest.xml:83:9-89:20
	android:screenOrientation
		ADDED from src/main/AndroidManifest.xml:85:13-50
	android:label
		ADDED from src/main/AndroidManifest.xml:87:13-45
	android:launchMode
		ADDED from src/main/AndroidManifest.xml:86:13-48
	android:name
		ADDED from src/main/AndroidManifest.xml:84:13-61
activity#com.yf.radiophoneapp.AmCountsView
ADDED from src/main/AndroidManifest.xml:91:9-97:20
	android:screenOrientation
		ADDED from src/main/AndroidManifest.xml:93:13-50
	android:label
		ADDED from src/main/AndroidManifest.xml:95:13-45
	android:launchMode
		ADDED from src/main/AndroidManifest.xml:94:13-48
	android:name
		ADDED from src/main/AndroidManifest.xml:92:13-61
activity#com.yf.radiophoneapp.EqSetView
ADDED from src/main/AndroidManifest.xml:99:9-105:20
	android:screenOrientation
		ADDED from src/main/AndroidManifest.xml:101:13-50
	android:label
		ADDED from src/main/AndroidManifest.xml:103:13-45
	android:launchMode
		ADDED from src/main/AndroidManifest.xml:102:13-48
	android:name
		ADDED from src/main/AndroidManifest.xml:100:13-58
service#com.yf.phoneapp.service.PhoneAppService
ADDED from src/main/AndroidManifest.xml:107:9-112:19
	android:persistent
		ADDED from src/main/AndroidManifest.xml:108:68-93
	android:name
		ADDED from src/main/AndroidManifest.xml:108:13-67
intent-filter#com.yf.phoneapp.service
ADDED from src/main/AndroidManifest.xml:109:13-111:33
	android:priority
		ADDED from src/main/AndroidManifest.xml:109:28-53
action#com.yf.phoneapp.service
ADDED from src/main/AndroidManifest.xml:110:17-65
	android:name
		ADDED from src/main/AndroidManifest.xml:110:25-63